<?xml version="1.0" encoding="UTF-8"?>
<!-- Generated by org.testng.reporters.JUnitXMLReporter -->
<testsuite ignored="3" hostname="DESKTOP-307EUT7" failures="0" tests="5" name="Test" time="0.051" errors="0" timestamp="2021-12-12T23:09:13 GMT-08:00">
  <testcase classname="groupsdemo.Testgroup1" name="Test3" time="0.007"/>
  <testcase classname="groupsdemo.Testgroup1" name="Test4" time="0.0"/>
  <testcase classname="groupsdemo.Testgroup2" name="Test6" time="0.001"/>
  <testcase classname="groupsdemo.Testgroup2" name="Test7" time="0.001"/>
  <testcase classname="groupsdemo.Testgroup2" name="Test8" time="0.0"/>
  <testcase classname="groupsdemo.Testgroup2" name="Test5" time="0.0">
    <ignored/>
  </testcase> <!-- Test5 -->
  <testcase classname="groupsdemo.Testgroup1" name="Test2" time="0.0">
    <ignored/>
  </testcase> <!-- Test2 -->
  <testcase classname="groupsdemo.Testgroup1" name="Test1" time="0.0">
    <ignored/>
  </testcase> <!-- Test1 -->
</testsuite> <!-- Test -->
