<?xml version="1.0" encoding="UTF-8"?>
<testng-results ignored="3" total="8" passed="5" failed="0" skipped="0">
  <reporter-output>
  </reporter-output>
  <suite started-at="2021-12-12T23:09:13 GMT-08:00" name="Suite" finished-at="2021-12-12T23:09:13 GMT-08:00" duration-ms="51">
    <groups>
      <group name="functional">
        <method signature="Testgroup1.Test3()[pri:0, instance:groupsdemo.Testgroup1@3972a855]" name="Test3" class="groupsdemo.Testgroup1"/>
        <method signature="Testgroup2.Test7()[pri:0, instance:groupsdemo.Testgroup2@11bd0f3b]" name="Test7" class="groupsdemo.Testgroup2"/>
      </group> <!-- functional -->
      <group name="regression">
        <method signature="Testgroup1.Test4()[pri:0, instance:groupsdemo.Testgroup1@3972a855]" name="Test4" class="groupsdemo.Testgroup1"/>
        <method signature="Testgroup2.Test6()[pri:0, instance:groupsdemo.Testgroup2@11bd0f3b]" name="Test6" class="groupsdemo.Testgroup2"/>
        <method signature="Testgroup2.Test8()[pri:0, instance:groupsdemo.Testgroup2@11bd0f3b]" name="Test8" class="groupsdemo.Testgroup2"/>
      </group> <!-- regression -->
    </groups>
    <test started-at="2021-12-12T23:09:13 GMT-08:00" name="Test" finished-at="2021-12-12T23:09:13 GMT-08:00" duration-ms="51">
      <class name="groupsdemo.Testgroup1">
        <test-method signature="Test3()[pri:0, instance:groupsdemo.Testgroup1@3972a855]" started-at="2021-12-12T23:09:13 GMT-08:00" name="Test3" finished-at="2021-12-12T23:09:13 GMT-08:00" duration-ms="7" status="PASS">
          <reporter-output>
          </reporter-output>
        </test-method> <!-- Test3 -->
        <test-method signature="Test4()[pri:0, instance:groupsdemo.Testgroup1@3972a855]" started-at="2021-12-12T23:09:13 GMT-08:00" name="Test4" finished-at="2021-12-12T23:09:13 GMT-08:00" duration-ms="0" status="PASS">
          <reporter-output>
          </reporter-output>
        </test-method> <!-- Test4 -->
      </class> <!-- groupsdemo.Testgroup1 -->
      <class name="groupsdemo.Testgroup2">
        <test-method signature="Test6()[pri:0, instance:groupsdemo.Testgroup2@11bd0f3b]" started-at="2021-12-12T23:09:13 GMT-08:00" name="Test6" finished-at="2021-12-12T23:09:13 GMT-08:00" duration-ms="1" status="PASS">
          <reporter-output>
          </reporter-output>
        </test-method> <!-- Test6 -->
        <test-method signature="Test7()[pri:0, instance:groupsdemo.Testgroup2@11bd0f3b]" started-at="2021-12-12T23:09:13 GMT-08:00" name="Test7" finished-at="2021-12-12T23:09:13 GMT-08:00" duration-ms="1" status="PASS">
          <reporter-output>
          </reporter-output>
        </test-method> <!-- Test7 -->
        <test-method signature="Test8()[pri:0, instance:groupsdemo.Testgroup2@11bd0f3b]" started-at="2021-12-12T23:09:13 GMT-08:00" name="Test8" finished-at="2021-12-12T23:09:13 GMT-08:00" duration-ms="0" status="PASS">
          <reporter-output>
          </reporter-output>
        </test-method> <!-- Test8 -->
      </class> <!-- groupsdemo.Testgroup2 -->
    </test> <!-- Test -->
  </suite> <!-- Suite -->
</testng-results>
